2021-06-13 14:25:49.893 MSK [29563] LOG:  starting PostgreSQL 13.2 on x86_64-apple-darwin19.6.0, compiled by Apple clang version 11.0.3 (clang-1103.0.32.62), 64-bit
2021-06-13 14:25:49.894 MSK [29563] LOG:  listening on IPv6 address "::1", port 5432
2021-06-13 14:25:49.894 MSK [29563] LOG:  listening on IPv4 address "127.0.0.1", port 5432
2021-06-13 14:25:49.899 MSK [29563] LOG:  listening on Unix socket "/tmp/.s.PGSQL.5432"
2021-06-13 14:25:49.902 MSK [29564] LOG:  database system was shut down at 2021-06-13 14:25:49 MSK
2021-06-13 14:25:49.904 MSK [29563] LOG:  database system is ready to accept connections
2021-06-13 14:43:42.492 MSK [41119] FATAL:  database "travelator" does not exist
2021-06-13 14:47:34.886 MSK [43599] ERROR:  syntax error at or near "User" at character 14
2021-06-13 14:47:34.886 MSK [43599] STATEMENT:  create table User(
	    userName varchar,
	    chatId int,
	    state varchar,
	    id int
	)
2021-06-13 14:49:03.712 MSK [43599] ERROR:  syntax error at or near "User" at character 14
2021-06-13 14:49:03.712 MSK [43599] STATEMENT:  create table User(
	    userName varchar,
	    chatId int,
	    state varchar,
	    id int
	)
